This file contains any messages produced by compilers while
running configure, to aid debugging if configure makes a mistake.

It was created by odb-examples configure 2.4.0, which was
generated by GNU Autoconf 2.69.  Invocation command line was

  $ ./configure --with-database=mssql --with-mssql-user=appsupport --with-mssql-password=estee123 --with-mssql-server=191.191.191.151

## --------- ##
## Platform. ##
## --------- ##

hostname = sachan
uname -m = x86_64
uname -r = 4.4.0-36-generic
uname -s = Linux
uname -v = #55-Ubuntu SMP Thu Aug 11 18:01:55 UTC 2016

/usr/bin/uname -p = unknown
/bin/uname -X     = unknown

/bin/arch              = unknown
/usr/bin/arch -k       = unknown
/usr/convex/getsysinfo = unknown
/usr/bin/hostinfo      = unknown
/bin/machine           = unknown
/usr/bin/oslevel       = unknown
/bin/universe          = unknown

PATH: /home/ashish/bin
PATH: /home/ashish/.local/bin
PATH: /usr/local/sbin
PATH: /usr/local/bin
PATH: /usr/sbin
PATH: /usr/bin
PATH: /sbin
PATH: /bin
PATH: /usr/games
PATH: /usr/local/games
PATH: /snap/bin


## ----------- ##
## Core tests. ##
## ----------- ##

configure:2425: checking for a BSD-compatible install
configure:2493: result: /usr/bin/install -c
configure:2504: checking whether build environment is sane
configure:2559: result: yes
configure:2710: checking for a thread-safe mkdir -p
configure:2749: result: /bin/mkdir -p
configure:2756: checking for gawk
configure:2786: result: no
configure:2756: checking for mawk
configure:2772: found /usr/bin/mawk
configure:2783: result: mawk
configure:2794: checking whether make sets $(MAKE)
configure:2816: result: yes
configure:2897: checking how to create a ustar tar archive
configure:2910: tar --version
tar (GNU tar) 1.28
Copyright (C) 2014 Free Software Foundation, Inc.
License GPLv3+: GNU GPL version 3 or later <http://gnu.org/licenses/gpl.html>.
This is free software: you are free to change and redistribute it.
There is NO WARRANTY, to the extent permitted by law.

Written by John Gilmore and Jay Fenlason.
configure:2913: $? = 0
configure:2953: tardir=conftest.dir && eval tar --format=ustar -chf - "$tardir" >conftest.tar
configure:2956: $? = 0
configure:2960: tar -xf - <conftest.tar
configure:2963: $? = 0
configure:2976: result: gnutar
configure:2995: checking for style of include used by make
configure:3023: result: GNU
configure:3094: checking for gcc
configure:3110: found /usr/bin/gcc
configure:3121: result: gcc
configure:3350: checking for C compiler version
configure:3359: gcc --version >&5
gcc (Ubuntu 4.9.3-13ubuntu2) 4.9.3
Copyright (C) 2015 Free Software Foundation, Inc.
This is free software; see the source for copying conditions.  There is NO
warranty; not even for MERCHANTABILITY or FITNESS FOR A PARTICULAR PURPOSE.

configure:3370: $? = 0
configure:3359: gcc -v >&5
Using built-in specs.
COLLECT_GCC=gcc
COLLECT_LTO_WRAPPER=/usr/lib/gcc/x86_64-linux-gnu/4.9/lto-wrapper
Target: x86_64-linux-gnu
Configured with: ../src/configure -v --with-pkgversion='Ubuntu 4.9.3-13ubuntu2' --with-bugurl=file:///usr/share/doc/gcc-4.9/README.Bugs --enable-languages=c,c++,java,go,d,fortran,objc,obj-c++ --prefix=/usr --program-suffix=-4.9 --enable-shared --enable-linker-build-id --libexecdir=/usr/lib --without-included-gettext --enable-threads=posix --with-gxx-include-dir=/usr/include/c++/4.9 --libdir=/usr/lib --enable-nls --with-sysroot=/ --enable-clocale=gnu --enable-libstdcxx-debug --enable-libstdcxx-time=yes --enable-gnu-unique-object --disable-vtable-verify --enable-plugin --with-system-zlib --disable-browser-plugin --enable-java-awt=gtk --enable-gtk-cairo --with-java-home=/usr/lib/jvm/java-1.5.0-gcj-4.9-amd64/jre --enable-java-home --with-jvm-root-dir=/usr/lib/jvm/java-1.5.0-gcj-4.9-amd64 --with-jvm-jar-dir=/usr/lib/jvm-exports/java-1.5.0-gcj-4.9-amd64 --with-arch-directory=amd64 --with-ecj-jar=/usr/share/java/eclipse-ecj.jar --enable-objc-gc --enable-multiarch --disable-werror --with-arch-32=i686 --with-abi=m64 --with-multilib-list=m32,m64,mx32 --enable-multilib --with-tune=generic --enable-checking=release --build=x86_64-linux-gnu --host=x86_64-linux-gnu --target=x86_64-linux-gnu
Thread model: posix
gcc version 4.9.3 (Ubuntu 4.9.3-13ubuntu2) 
configure:3370: $? = 0
configure:3359: gcc -V >&5
gcc: error: unrecognized command line option '-V'
gcc: fatal error: no input files
compilation terminated.
configure:3370: $? = 4
configure:3359: gcc -qversion >&5
gcc: error: unrecognized command line option '-qversion'
gcc: fatal error: no input files
compilation terminated.
configure:3370: $? = 4
configure:3390: checking whether the C compiler works
configure:3412: gcc    conftest.c  >&5
configure:3416: $? = 0
configure:3464: result: yes
configure:3467: checking for C compiler default output file name
configure:3469: result: a.out
configure:3475: checking for suffix of executables
configure:3482: gcc -o conftest    conftest.c  >&5
configure:3486: $? = 0
configure:3508: result: 
configure:3530: checking whether we are cross compiling
configure:3538: gcc -o conftest    conftest.c  >&5
configure:3542: $? = 0
configure:3549: ./conftest
configure:3553: $? = 0
configure:3568: result: no
configure:3573: checking for suffix of object files
configure:3595: gcc -c   conftest.c >&5
configure:3599: $? = 0
configure:3620: result: o
configure:3624: checking whether we are using the GNU C compiler
configure:3643: gcc -c   conftest.c >&5
configure:3643: $? = 0
configure:3652: result: yes
configure:3661: checking whether gcc accepts -g
configure:3681: gcc -c -g  conftest.c >&5
configure:3681: $? = 0
configure:3722: result: yes
configure:3739: checking for gcc option to accept ISO C89
configure:3802: gcc  -c -g -O2  conftest.c >&5
configure:3802: $? = 0
configure:3815: result: none needed
configure:3837: checking dependency style of gcc
configure:3948: result: gcc3
configure:4013: checking for ar
configure:4029: found /usr/bin/ar
configure:4040: result: ar
configure:4066: checking the archiver (ar) interface
configure:4076: gcc -c -g -O2  conftest.c >&5
configure:4076: $? = 0
configure:4078: ar cru libconftest.a conftest.o >&5
ar: `u' modifier ignored since `D' is the default (see `U')
configure:4081: $? = 0
configure:4104: result: ar
configure:4154: checking build system type
configure:4168: result: x86_64-unknown-linux-gnu
configure:4188: checking host system type
configure:4201: result: x86_64-unknown-linux-gnu
configure:4242: checking how to print strings
configure:4269: result: printf
configure:4290: checking for a sed that does not truncate output
configure:4354: result: /bin/sed
configure:4372: checking for grep that handles long lines and -e
configure:4430: result: /bin/grep
configure:4435: checking for egrep
configure:4497: result: /bin/grep -E
configure:4502: checking for fgrep
configure:4564: result: /bin/grep -F
configure:4599: checking for ld used by gcc
configure:4666: result: /usr/bin/ld
configure:4673: checking if the linker (/usr/bin/ld) is GNU ld
configure:4688: result: yes
configure:4700: checking for BSD- or MS-compatible name lister (nm)
configure:4749: result: /usr/bin/nm -B
configure:4879: checking the name lister (/usr/bin/nm -B) interface
configure:4886: gcc -c -g -O2  conftest.c >&5
configure:4889: /usr/bin/nm -B "conftest.o"
configure:4892: output
0000000000000000 B some_variable
configure:4899: result: BSD nm
configure:4902: checking whether ln -s works
configure:4906: result: yes
configure:4914: checking the maximum length of command line arguments
configure:5045: result: 1572864
configure:5062: checking whether the shell understands some XSI constructs
configure:5072: result: yes
configure:5076: checking whether the shell understands "+="
configure:5082: result: yes
configure:5117: checking how to convert x86_64-unknown-linux-gnu file names to x86_64-unknown-linux-gnu format
configure:5157: result: func_convert_file_noop
configure:5164: checking how to convert x86_64-unknown-linux-gnu file names to toolchain format
configure:5184: result: func_convert_file_noop
configure:5191: checking for /usr/bin/ld option to reload object files
configure:5198: result: -r
configure:5272: checking for objdump
configure:5288: found /usr/bin/objdump
configure:5299: result: objdump
configure:5331: checking how to recognize dependent libraries
configure:5529: result: pass_all
configure:5614: checking for dlltool
configure:5644: result: no
configure:5674: checking how to associate runtime and link libraries
configure:5701: result: printf %s\n
configure:5825: checking for archiver @FILE support
configure:5842: gcc -c -g -O2  conftest.c >&5
configure:5842: $? = 0
configure:5845: ar cru libconftest.a @conftest.lst >&5
ar: `u' modifier ignored since `D' is the default (see `U')
configure:5848: $? = 0
configure:5853: ar cru libconftest.a @conftest.lst >&5
ar: `u' modifier ignored since `D' is the default (see `U')
ar: conftest.o: No such file or directory
configure:5856: $? = 1
configure:5868: result: @
configure:5926: checking for strip
configure:5942: found /usr/bin/strip
configure:5953: result: strip
configure:6025: checking for ranlib
configure:6041: found /usr/bin/ranlib
configure:6052: result: ranlib
configure:6154: checking command to parse /usr/bin/nm -B output from gcc object
configure:6274: gcc -c -g -O2  conftest.c >&5
configure:6277: $? = 0
configure:6281: /usr/bin/nm -B conftest.o \| sed -n -e 's/^.*[ ]\([ABCDGIRSTW][ABCDGIRSTW]*\)[ ][ ]*\([_A-Za-z][_A-Za-z0-9]*\)$/\1 \2 \2/p' | sed '/ __gnu_lto/d' \> conftest.nm
configure:6284: $? = 0
configure:6350: gcc -o conftest -g -O2   conftest.c conftstm.o >&5
configure:6353: $? = 0
configure:6391: result: ok
configure:6428: checking for sysroot
configure:6458: result: no
configure:6535: gcc -c -g -O2  conftest.c >&5
configure:6538: $? = 0
configure:6721: checking for mt
configure:6737: found /bin/mt
configure:6748: result: mt
configure:6771: checking if mt is a manifest tool
configure:6777: mt '-?'
configure:6785: result: no
configure:7427: checking how to run the C preprocessor
configure:7458: gcc -E  conftest.c
configure:7458: $? = 0
configure:7472: gcc -E  conftest.c
conftest.c:11:28: fatal error: ac_nonexistent.h: No such file or directory
 #include <ac_nonexistent.h>
                            ^
compilation terminated.
configure:7472: $? = 1
configure: failed program was:
| /* confdefs.h */
| #define PACKAGE_NAME "odb-examples"
| #define PACKAGE_TARNAME "odb-examples"
| #define PACKAGE_VERSION "2.4.0"
| #define PACKAGE_STRING "odb-examples 2.4.0"
| #define PACKAGE_BUGREPORT "odb-users@codesynthesis.com"
| #define PACKAGE_URL ""
| #define PACKAGE "odb-examples"
| #define VERSION "2.4.0"
| /* end confdefs.h.  */
| #include <ac_nonexistent.h>
configure:7497: result: gcc -E
configure:7517: gcc -E  conftest.c
configure:7517: $? = 0
configure:7531: gcc -E  conftest.c
conftest.c:11:28: fatal error: ac_nonexistent.h: No such file or directory
 #include <ac_nonexistent.h>
                            ^
compilation terminated.
configure:7531: $? = 1
configure: failed program was:
| /* confdefs.h */
| #define PACKAGE_NAME "odb-examples"
| #define PACKAGE_TARNAME "odb-examples"
| #define PACKAGE_VERSION "2.4.0"
| #define PACKAGE_STRING "odb-examples 2.4.0"
| #define PACKAGE_BUGREPORT "odb-users@codesynthesis.com"
| #define PACKAGE_URL ""
| #define PACKAGE "odb-examples"
| #define VERSION "2.4.0"
| /* end confdefs.h.  */
| #include <ac_nonexistent.h>
configure:7560: checking for ANSI C header files
configure:7580: gcc -c -g -O2  conftest.c >&5
configure:7580: $? = 0
configure:7653: gcc -o conftest -g -O2   conftest.c  >&5
configure:7653: $? = 0
configure:7653: ./conftest
configure:7653: $? = 0
configure:7664: result: yes
configure:7677: checking for sys/types.h
configure:7677: gcc -c -g -O2  conftest.c >&5
configure:7677: $? = 0
configure:7677: result: yes
configure:7677: checking for sys/stat.h
configure:7677: gcc -c -g -O2  conftest.c >&5
configure:7677: $? = 0
configure:7677: result: yes
configure:7677: checking for stdlib.h
configure:7677: gcc -c -g -O2  conftest.c >&5
configure:7677: $? = 0
configure:7677: result: yes
configure:7677: checking for string.h
configure:7677: gcc -c -g -O2  conftest.c >&5
configure:7677: $? = 0
configure:7677: result: yes
configure:7677: checking for memory.h
configure:7677: gcc -c -g -O2  conftest.c >&5
configure:7677: $? = 0
configure:7677: result: yes
configure:7677: checking for strings.h
configure:7677: gcc -c -g -O2  conftest.c >&5
configure:7677: $? = 0
configure:7677: result: yes
configure:7677: checking for inttypes.h
configure:7677: gcc -c -g -O2  conftest.c >&5
configure:7677: $? = 0
configure:7677: result: yes
configure:7677: checking for stdint.h
configure:7677: gcc -c -g -O2  conftest.c >&5
configure:7677: $? = 0
configure:7677: result: yes
configure:7677: checking for unistd.h
configure:7677: gcc -c -g -O2  conftest.c >&5
configure:7677: $? = 0
configure:7677: result: yes
configure:7691: checking for dlfcn.h
configure:7691: gcc -c -g -O2  conftest.c >&5
configure:7691: $? = 0
configure:7691: result: yes
configure:7897: checking for objdir
configure:7912: result: .libs
configure:8183: checking if gcc supports -fno-rtti -fno-exceptions
configure:8201: gcc -c -g -O2  -fno-rtti -fno-exceptions conftest.c >&5
cc1: warning: command line option '-fno-rtti' is valid for C++/ObjC++ but not for C
configure:8205: $? = 0
configure:8218: result: no
configure:8545: checking for gcc option to produce PIC
configure:8552: result: -fPIC -DPIC
configure:8560: checking if gcc PIC flag -fPIC -DPIC works
configure:8578: gcc -c -g -O2  -fPIC -DPIC -DPIC conftest.c >&5
configure:8582: $? = 0
configure:8595: result: yes
configure:8624: checking if gcc static flag -static works
configure:8652: result: yes
configure:8667: checking if gcc supports -c -o file.o
configure:8688: gcc -c -g -O2  -o out/conftest2.o conftest.c >&5
configure:8692: $? = 0
configure:8714: result: yes
configure:8722: checking if gcc supports -c -o file.o
configure:8769: result: yes
configure:8802: checking whether the gcc linker (/usr/bin/ld -m elf_x86_64) supports shared libraries
configure:9959: result: yes
configure:9996: checking whether -lc should be explicitly linked in
configure:10004: gcc -c -g -O2  conftest.c >&5
configure:10007: $? = 0
configure:10022: gcc -shared  -fPIC -DPIC conftest.o  -v -Wl,-soname -Wl,conftest -o conftest 2\>\&1 \| /bin/grep  -lc  \>/dev/null 2\>\&1
configure:10025: $? = 0
configure:10039: result: no
configure:10199: checking dynamic linker characteristics
configure:10699: gcc -o conftest -g -O2   -Wl,-rpath -Wl,/foo conftest.c  >&5
configure:10699: $? = 0
configure:10933: result: GNU/Linux ld.so
configure:11040: checking how to hardcode library paths into programs
configure:11065: result: immediate
configure:11605: checking whether stripping libraries is possible
configure:11610: result: yes
configure:11645: checking if libtool supports shared libraries
configure:11647: result: yes
configure:11650: checking whether to build shared libraries
configure:11671: result: yes
configure:11674: checking whether to build static libraries
configure:11678: result: yes
configure:11778: checking for g++
configure:11794: found /usr/bin/g++
configure:11805: result: g++
configure:11832: checking for C++ compiler version
configure:11841: g++ --version >&5
g++ (Ubuntu 4.9.3-13ubuntu2) 4.9.3
Copyright (C) 2015 Free Software Foundation, Inc.
This is free software; see the source for copying conditions.  There is NO
warranty; not even for MERCHANTABILITY or FITNESS FOR A PARTICULAR PURPOSE.

configure:11852: $? = 0
configure:11841: g++ -v >&5
Using built-in specs.
COLLECT_GCC=g++
COLLECT_LTO_WRAPPER=/usr/lib/gcc/x86_64-linux-gnu/4.9/lto-wrapper
Target: x86_64-linux-gnu
Configured with: ../src/configure -v --with-pkgversion='Ubuntu 4.9.3-13ubuntu2' --with-bugurl=file:///usr/share/doc/gcc-4.9/README.Bugs --enable-languages=c,c++,java,go,d,fortran,objc,obj-c++ --prefix=/usr --program-suffix=-4.9 --enable-shared --enable-linker-build-id --libexecdir=/usr/lib --without-included-gettext --enable-threads=posix --with-gxx-include-dir=/usr/include/c++/4.9 --libdir=/usr/lib --enable-nls --with-sysroot=/ --enable-clocale=gnu --enable-libstdcxx-debug --enable-libstdcxx-time=yes --enable-gnu-unique-object --disable-vtable-verify --enable-plugin --with-system-zlib --disable-browser-plugin --enable-java-awt=gtk --enable-gtk-cairo --with-java-home=/usr/lib/jvm/java-1.5.0-gcj-4.9-amd64/jre --enable-java-home --with-jvm-root-dir=/usr/lib/jvm/java-1.5.0-gcj-4.9-amd64 --with-jvm-jar-dir=/usr/lib/jvm-exports/java-1.5.0-gcj-4.9-amd64 --with-arch-directory=amd64 --with-ecj-jar=/usr/share/java/eclipse-ecj.jar --enable-objc-gc --enable-multiarch --disable-werror --with-arch-32=i686 --with-abi=m64 --with-multilib-list=m32,m64,mx32 --enable-multilib --with-tune=generic --enable-checking=release --build=x86_64-linux-gnu --host=x86_64-linux-gnu --target=x86_64-linux-gnu
Thread model: posix
gcc version 4.9.3 (Ubuntu 4.9.3-13ubuntu2) 
configure:11852: $? = 0
configure:11841: g++ -V >&5
g++: error: unrecognized command line option '-V'
g++: fatal error: no input files
compilation terminated.
configure:11852: $? = 4
configure:11841: g++ -qversion >&5
g++: error: unrecognized command line option '-qversion'
g++: fatal error: no input files
compilation terminated.
configure:11852: $? = 4
configure:11856: checking whether we are using the GNU C++ compiler
configure:11875: g++ -c   conftest.cpp >&5
configure:11875: $? = 0
configure:11884: result: yes
configure:11893: checking whether g++ accepts -g
configure:11913: g++ -c -g  conftest.cpp >&5
configure:11913: $? = 0
configure:11954: result: yes
configure:11979: checking dependency style of g++
configure:12090: result: gcc3
configure:12123: checking how to run the C++ preprocessor
configure:12150: g++ -E  conftest.cpp
configure:12150: $? = 0
configure:12164: g++ -E  conftest.cpp
conftest.cpp:23:28: fatal error: ac_nonexistent.h: No such file or directory
 #include <ac_nonexistent.h>
                            ^
compilation terminated.
configure:12164: $? = 1
configure: failed program was:
| /* confdefs.h */
| #define PACKAGE_NAME "odb-examples"
| #define PACKAGE_TARNAME "odb-examples"
| #define PACKAGE_VERSION "2.4.0"
| #define PACKAGE_STRING "odb-examples 2.4.0"
| #define PACKAGE_BUGREPORT "odb-users@codesynthesis.com"
| #define PACKAGE_URL ""
| #define PACKAGE "odb-examples"
| #define VERSION "2.4.0"
| #define STDC_HEADERS 1
| #define HAVE_SYS_TYPES_H 1
| #define HAVE_SYS_STAT_H 1
| #define HAVE_STDLIB_H 1
| #define HAVE_STRING_H 1
| #define HAVE_MEMORY_H 1
| #define HAVE_STRINGS_H 1
| #define HAVE_INTTYPES_H 1
| #define HAVE_STDINT_H 1
| #define HAVE_UNISTD_H 1
| #define HAVE_DLFCN_H 1
| #define LT_OBJDIR ".libs/"
| /* end confdefs.h.  */
| #include <ac_nonexistent.h>
configure:12189: result: g++ -E
configure:12209: g++ -E  conftest.cpp
configure:12209: $? = 0
configure:12223: g++ -E  conftest.cpp
conftest.cpp:23:28: fatal error: ac_nonexistent.h: No such file or directory
 #include <ac_nonexistent.h>
                            ^
compilation terminated.
configure:12223: $? = 1
configure: failed program was:
| /* confdefs.h */
| #define PACKAGE_NAME "odb-examples"
| #define PACKAGE_TARNAME "odb-examples"
| #define PACKAGE_VERSION "2.4.0"
| #define PACKAGE_STRING "odb-examples 2.4.0"
| #define PACKAGE_BUGREPORT "odb-users@codesynthesis.com"
| #define PACKAGE_URL ""
| #define PACKAGE "odb-examples"
| #define VERSION "2.4.0"
| #define STDC_HEADERS 1
| #define HAVE_SYS_TYPES_H 1
| #define HAVE_SYS_STAT_H 1
| #define HAVE_STDLIB_H 1
| #define HAVE_STRING_H 1
| #define HAVE_MEMORY_H 1
| #define HAVE_STRINGS_H 1
| #define HAVE_INTTYPES_H 1
| #define HAVE_STDINT_H 1
| #define HAVE_UNISTD_H 1
| #define HAVE_DLFCN_H 1
| #define LT_OBJDIR ".libs/"
| /* end confdefs.h.  */
| #include <ac_nonexistent.h>
configure:12392: checking for ld used by g++
configure:12459: result: /usr/bin/ld -m elf_x86_64
configure:12466: checking if the linker (/usr/bin/ld -m elf_x86_64) is GNU ld
configure:12481: result: yes
configure:12536: checking whether the g++ linker (/usr/bin/ld -m elf_x86_64) supports shared libraries
configure:13538: result: yes
configure:13574: g++ -c -g -O2  conftest.cpp >&5
configure:13577: $? = 0
configure:14097: checking for g++ option to produce PIC
configure:14104: result: -fPIC -DPIC
configure:14112: checking if g++ PIC flag -fPIC -DPIC works
configure:14130: g++ -c -g -O2  -fPIC -DPIC -DPIC conftest.cpp >&5
configure:14134: $? = 0
configure:14147: result: yes
configure:14170: checking if g++ static flag -static works
configure:14198: result: yes
configure:14210: checking if g++ supports -c -o file.o
configure:14231: g++ -c -g -O2  -o out/conftest2.o conftest.cpp >&5
configure:14235: $? = 0
configure:14257: result: yes
configure:14262: checking if g++ supports -c -o file.o
configure:14309: result: yes
configure:14339: checking whether the g++ linker (/usr/bin/ld -m elf_x86_64) supports shared libraries
configure:14378: result: yes
configure:14519: checking dynamic linker characteristics
configure:15187: result: GNU/Linux ld.so
configure:15240: checking how to hardcode library paths into programs
configure:15265: result: immediate
configure:15315: creating ./config.lt

## ------------------ ##
## Running config.lt. ##
## ------------------ ##
config.lt:681: creating libtool
configure:17175: checking for the pthreads library -lpthreads
configure:17209: g++ -o conftest -g -O2    conftest.cpp -lpthreads  >&5
conftest.cpp: In function 'int main()':
conftest.cpp:28:41: warning: null argument where non-null required (argument 1) [-Wnonnull]
                      pthread_attr_init(0); pthread_cleanup_push(0, 0);
                                         ^
conftest.cpp:29:44: warning: null argument where non-null required (argument 1) [-Wnonnull]
                      pthread_create(0,0,0,0); pthread_cleanup_pop(0);
                                            ^
conftest.cpp:29:44: warning: null argument where non-null required (argument 3) [-Wnonnull]
/usr/bin/ld: cannot find -lpthreads
collect2: error: ld returned 1 exit status
configure:17209: $? = 1
configure: failed program was:
| /* confdefs.h */
| #define PACKAGE_NAME "odb-examples"
| #define PACKAGE_TARNAME "odb-examples"
| #define PACKAGE_VERSION "2.4.0"
| #define PACKAGE_STRING "odb-examples 2.4.0"
| #define PACKAGE_BUGREPORT "odb-users@codesynthesis.com"
| #define PACKAGE_URL ""
| #define PACKAGE "odb-examples"
| #define VERSION "2.4.0"
| #define STDC_HEADERS 1
| #define HAVE_SYS_TYPES_H 1
| #define HAVE_SYS_STAT_H 1
| #define HAVE_STDLIB_H 1
| #define HAVE_STRING_H 1
| #define HAVE_MEMORY_H 1
| #define HAVE_STRINGS_H 1
| #define HAVE_INTTYPES_H 1
| #define HAVE_STDINT_H 1
| #define HAVE_UNISTD_H 1
| #define HAVE_DLFCN_H 1
| #define LT_OBJDIR ".libs/"
| /* end confdefs.h.  */
| #include <pthread.h>
| int
| main ()
| {
| pthread_t th; pthread_join(th, 0);
|                      pthread_attr_init(0); pthread_cleanup_push(0, 0);
|                      pthread_create(0,0,0,0); pthread_cleanup_pop(0);
|   ;
|   return 0;
| }
configure:17218: result: no
configure:17175: checking for the pthreads library -lpthread
configure:17209: g++ -o conftest -g -O2    conftest.cpp -lpthread  >&5
conftest.cpp: In function 'int main()':
conftest.cpp:28:41: warning: null argument where non-null required (argument 1) [-Wnonnull]
                      pthread_attr_init(0); pthread_cleanup_push(0, 0);
                                         ^
conftest.cpp:29:44: warning: null argument where non-null required (argument 1) [-Wnonnull]
                      pthread_create(0,0,0,0); pthread_cleanup_pop(0);
                                            ^
conftest.cpp:29:44: warning: null argument where non-null required (argument 3) [-Wnonnull]
configure:17209: $? = 0
configure:17218: result: yes
configure:17237: checking if more special flags are required for pthreads
configure:17246: result: -D_REENTRANT
configure:17289: checking for __thread keyword
configure:17320: g++ -c -g -O2 -D_REENTRANT   conftest.cpp >&5
configure:17320: $? = 0
configure:17327: ./libtool --tag=CXX --mode=link g++ -no-install -g -O2 -D_REENTRANT   -o conftest conftest.o  -lpthread >&5
libtool: link: g++ -g -O2 -D_REENTRANT -o conftest conftest.o  -lpthread
configure:17331: $? = 0
configure:17364: result: yes
configure:17390: checking whether we are in C++11 mode
configure:17422: g++ -c -g -O2 -D_REENTRANT   conftest.cpp >&5
conftest.cpp: In function 'int main()':
conftest.cpp:31:3: error: 'shared_ptr' is not a member of 'std'
   std::shared_ptr<int> p (new int (10));
   ^
conftest.cpp:31:19: error: expected primary-expression before 'int'
   std::shared_ptr<int> p (new int (10));
                   ^
conftest.cpp:32:4: error: 'p' was not declared in this scope
   *p = 11;
    ^
configure:17422: $? = 1
configure: failed program was:
| /* confdefs.h */
| #define PACKAGE_NAME "odb-examples"
| #define PACKAGE_TARNAME "odb-examples"
| #define PACKAGE_VERSION "2.4.0"
| #define PACKAGE_STRING "odb-examples 2.4.0"
| #define PACKAGE_BUGREPORT "odb-users@codesynthesis.com"
| #define PACKAGE_URL ""
| #define PACKAGE "odb-examples"
| #define VERSION "2.4.0"
| #define STDC_HEADERS 1
| #define HAVE_SYS_TYPES_H 1
| #define HAVE_SYS_STAT_H 1
| #define HAVE_STDLIB_H 1
| #define HAVE_STRING_H 1
| #define HAVE_MEMORY_H 1
| #define HAVE_STRINGS_H 1
| #define HAVE_INTTYPES_H 1
| #define HAVE_STDINT_H 1
| #define HAVE_UNISTD_H 1
| #define HAVE_DLFCN_H 1
| #define LT_OBJDIR ".libs/"
| #define HAVE_PTHREAD 1
| /* end confdefs.h.  */
| 
| 
| #include <memory>
| 
| int
| main ()
| {
|   std::shared_ptr<int> p (new int (10));
|   *p = 11;
| }
| 
configure:17473: result: no
configure:17506: checking for odb
configure:17531: result: odb
configure:17557: checking for libodb
configure:17631: g++ -c -g -O2 -D_REENTRANT   conftest.cpp >&5
configure:17631: $? = 0
configure:17638: ./libtool --tag=CXX --mode=link g++ -no-install -g -O2 -D_REENTRANT   -o conftest conftest.o -lodb  -lpthread >&5
libtool: link: g++ -g -O2 -D_REENTRANT -o conftest conftest.o  -lodb -lpthread
configure:17642: $? = 0
configure:17685: result: yes
configure:17700: checking for TR1 <memory>
configure:17732: g++ -c -g -O2 -D_REENTRANT   conftest.cpp >&5
configure:17732: $? = 0
configure:17739: ./libtool --tag=CXX --mode=link g++ -no-install -g -O2 -D_REENTRANT   -o conftest conftest.o -lodb  -lpthread >&5
libtool: link: g++ -g -O2 -D_REENTRANT -o conftest conftest.o  -lodb -lpthread
configure:17743: $? = 0
configure:17777: result: yes
configure:17804: checking for boost base headers
configure:17867: g++ -c -g -O2 -D_REENTRANT   conftest.cpp >&5
conftest.cpp:27:29: fatal error: boost/version.hpp: No such file or directory
 #include <boost/version.hpp>
                             ^
compilation terminated.
configure:17867: $? = 1
configure: failed program was:
| /* confdefs.h */
| #define PACKAGE_NAME "odb-examples"
| #define PACKAGE_TARNAME "odb-examples"
| #define PACKAGE_VERSION "2.4.0"
| #define PACKAGE_STRING "odb-examples 2.4.0"
| #define PACKAGE_BUGREPORT "odb-users@codesynthesis.com"
| #define PACKAGE_URL ""
| #define PACKAGE "odb-examples"
| #define VERSION "2.4.0"
| #define STDC_HEADERS 1
| #define HAVE_SYS_TYPES_H 1
| #define HAVE_SYS_STAT_H 1
| #define HAVE_STDLIB_H 1
| #define HAVE_STRING_H 1
| #define HAVE_MEMORY_H 1
| #define HAVE_STRINGS_H 1
| #define HAVE_INTTYPES_H 1
| #define HAVE_STDINT_H 1
| #define HAVE_UNISTD_H 1
| #define HAVE_DLFCN_H 1
| #define LT_OBJDIR ".libs/"
| #define HAVE_PTHREAD 1
| #define HAVE_TR1_MEMORY 1
| /* end confdefs.h.  */
| 
| 
| #include <boost/version.hpp>
| 
| #ifndef BOOST_VERSION
| #  error BOOST_VERSION not defined
| #endif
| 
| int
| main ()
| {
| }
| 
configure:17925: result: no
configure:17934: checking for boost system library
configure:17965: g++ -c -g -O2 -D_REENTRANT   conftest.cpp >&5
configure:17965: $? = 0
configure:17972: ./libtool --tag=CXX --mode=link g++ -no-install -g -O2 -D_REENTRANT   -o conftest conftest.o -lboost_system -lodb  -lpthread >&5
libtool: link: g++ -g -O2 -D_REENTRANT -o conftest conftest.o  -lboost_system -lodb -lpthread
/usr/bin/ld: cannot find -lboost_system
collect2: error: ld returned 1 exit status
configure:17976: $? = 1
configure:18038: g++ -c -g -O2 -D_REENTRANT   conftest.cpp >&5
configure:18038: $? = 0
configure:18045: ./libtool --tag=CXX --mode=link g++ -no-install -g -O2 -D_REENTRANT   -o conftest conftest.o -lboost_system-mt -lodb  -lpthread >&5
libtool: link: g++ -g -O2 -D_REENTRANT -o conftest conftest.o  -lboost_system-mt -lodb -lpthread
/usr/bin/ld: cannot find -lboost_system-mt
collect2: error: ld returned 1 exit status
configure:18049: $? = 1
configure:18092: result: no
configure:18102: checking for boost smart_ptr library
configure:18134: g++ -c -g -O2 -D_REENTRANT   conftest.cpp >&5
conftest.cpp:27:32: fatal error: boost/shared_ptr.hpp: No such file or directory
 #include <boost/shared_ptr.hpp>
                                ^
compilation terminated.
configure:18134: $? = 1
configure: failed program was:
| /* confdefs.h */
| #define PACKAGE_NAME "odb-examples"
| #define PACKAGE_TARNAME "odb-examples"
| #define PACKAGE_VERSION "2.4.0"
| #define PACKAGE_STRING "odb-examples 2.4.0"
| #define PACKAGE_BUGREPORT "odb-users@codesynthesis.com"
| #define PACKAGE_URL ""
| #define PACKAGE "odb-examples"
| #define VERSION "2.4.0"
| #define STDC_HEADERS 1
| #define HAVE_SYS_TYPES_H 1
| #define HAVE_SYS_STAT_H 1
| #define HAVE_STDLIB_H 1
| #define HAVE_STRING_H 1
| #define HAVE_MEMORY_H 1
| #define HAVE_STRINGS_H 1
| #define HAVE_INTTYPES_H 1
| #define HAVE_STDINT_H 1
| #define HAVE_UNISTD_H 1
| #define HAVE_DLFCN_H 1
| #define LT_OBJDIR ".libs/"
| #define HAVE_PTHREAD 1
| #define HAVE_TR1_MEMORY 1
| /* end confdefs.h.  */
| 
| 
| #include <boost/shared_ptr.hpp>
| #include <boost/weak_ptr.hpp>
| 
| int
| main ()
| {
|   boost::shared_ptr<int> sp (new int (10));
|   boost::weak_ptr<int> wp (sp);
| }
| 
configure:18183: result: no
configure:18193: checking for boost unordered library
configure:18228: g++ -c -g -O2 -D_REENTRANT   conftest.cpp >&5
conftest.cpp:27:35: fatal error: boost/unordered_set.hpp: No such file or directory
 #include <boost/unordered_set.hpp>
                                   ^
compilation terminated.
configure:18228: $? = 1
configure: failed program was:
| /* confdefs.h */
| #define PACKAGE_NAME "odb-examples"
| #define PACKAGE_TARNAME "odb-examples"
| #define PACKAGE_VERSION "2.4.0"
| #define PACKAGE_STRING "odb-examples 2.4.0"
| #define PACKAGE_BUGREPORT "odb-users@codesynthesis.com"
| #define PACKAGE_URL ""
| #define PACKAGE "odb-examples"
| #define VERSION "2.4.0"
| #define STDC_HEADERS 1
| #define HAVE_SYS_TYPES_H 1
| #define HAVE_SYS_STAT_H 1
| #define HAVE_STDLIB_H 1
| #define HAVE_STRING_H 1
| #define HAVE_MEMORY_H 1
| #define HAVE_STRINGS_H 1
| #define HAVE_INTTYPES_H 1
| #define HAVE_STDINT_H 1
| #define HAVE_UNISTD_H 1
| #define HAVE_DLFCN_H 1
| #define LT_OBJDIR ".libs/"
| #define HAVE_PTHREAD 1
| #define HAVE_TR1_MEMORY 1
| /* end confdefs.h.  */
| 
| 
| #include <boost/unordered_set.hpp>
| #include <boost/unordered_map.hpp>
| 
| int
| main ()
| {
|   boost::unordered_set<int> s;
|   boost::unordered_map<int, int> m;
| 
|   s.insert (1);
|   return m.find (1) != m.end ();
| }
| 
configure:18277: result: no
configure:18287: checking for boost date_time library
configure:18323: g++ -c -g -O2 -D_REENTRANT   conftest.cpp >&5
conftest.cpp:27:51: fatal error: boost/date_time/gregorian/gregorian.hpp: No such file or directory
 #include <boost/date_time/gregorian/gregorian.hpp>
                                                   ^
compilation terminated.
configure:18323: $? = 1
configure: failed program was:
| /* confdefs.h */
| #define PACKAGE_NAME "odb-examples"
| #define PACKAGE_TARNAME "odb-examples"
| #define PACKAGE_VERSION "2.4.0"
| #define PACKAGE_STRING "odb-examples 2.4.0"
| #define PACKAGE_BUGREPORT "odb-users@codesynthesis.com"
| #define PACKAGE_URL ""
| #define PACKAGE "odb-examples"
| #define VERSION "2.4.0"
| #define STDC_HEADERS 1
| #define HAVE_SYS_TYPES_H 1
| #define HAVE_SYS_STAT_H 1
| #define HAVE_STDLIB_H 1
| #define HAVE_STRING_H 1
| #define HAVE_MEMORY_H 1
| #define HAVE_STRINGS_H 1
| #define HAVE_INTTYPES_H 1
| #define HAVE_STDINT_H 1
| #define HAVE_UNISTD_H 1
| #define HAVE_DLFCN_H 1
| #define LT_OBJDIR ".libs/"
| #define HAVE_PTHREAD 1
| #define HAVE_TR1_MEMORY 1
| /* end confdefs.h.  */
| 
| 
| #include <boost/date_time/gregorian/gregorian.hpp>
| 
| int
| main ()
| {
|   boost::gregorian::greg_month m (1);
|   const char* s (m.as_short_string ());
|   return s == 0;
| }
| 
configure:18401: g++ -c -g -O2 -D_REENTRANT   conftest.cpp >&5
conftest.cpp:27:51: fatal error: boost/date_time/gregorian/gregorian.hpp: No such file or directory
 #include <boost/date_time/gregorian/gregorian.hpp>
                                                   ^
compilation terminated.
configure:18401: $? = 1
configure: failed program was:
| /* confdefs.h */
| #define PACKAGE_NAME "odb-examples"
| #define PACKAGE_TARNAME "odb-examples"
| #define PACKAGE_VERSION "2.4.0"
| #define PACKAGE_STRING "odb-examples 2.4.0"
| #define PACKAGE_BUGREPORT "odb-users@codesynthesis.com"
| #define PACKAGE_URL ""
| #define PACKAGE "odb-examples"
| #define VERSION "2.4.0"
| #define STDC_HEADERS 1
| #define HAVE_SYS_TYPES_H 1
| #define HAVE_SYS_STAT_H 1
| #define HAVE_STDLIB_H 1
| #define HAVE_STRING_H 1
| #define HAVE_MEMORY_H 1
| #define HAVE_STRINGS_H 1
| #define HAVE_INTTYPES_H 1
| #define HAVE_STDINT_H 1
| #define HAVE_UNISTD_H 1
| #define HAVE_DLFCN_H 1
| #define LT_OBJDIR ".libs/"
| #define HAVE_PTHREAD 1
| #define HAVE_TR1_MEMORY 1
| /* end confdefs.h.  */
| 
| 
| #include <boost/date_time/gregorian/gregorian.hpp>
| 
| int
| main ()
| {
|   boost::gregorian::greg_month m (1);
|   const char* s (m.as_short_string ());
|   return s == 0;
| }
| 
configure:18455: result: no
configure:18476: checking for libodb-boost
configure:18551: g++ -c -g -O2 -D_REENTRANT   conftest.cpp >&5
conftest.cpp:27:35: fatal error: odb/boost/exception.hxx: No such file or directory
 #include <odb/boost/exception.hxx>
                                   ^
compilation terminated.
configure:18551: $? = 1
configure: failed program was:
| /* confdefs.h */
| #define PACKAGE_NAME "odb-examples"
| #define PACKAGE_TARNAME "odb-examples"
| #define PACKAGE_VERSION "2.4.0"
| #define PACKAGE_STRING "odb-examples 2.4.0"
| #define PACKAGE_BUGREPORT "odb-users@codesynthesis.com"
| #define PACKAGE_URL ""
| #define PACKAGE "odb-examples"
| #define VERSION "2.4.0"
| #define STDC_HEADERS 1
| #define HAVE_SYS_TYPES_H 1
| #define HAVE_SYS_STAT_H 1
| #define HAVE_STDLIB_H 1
| #define HAVE_STRING_H 1
| #define HAVE_MEMORY_H 1
| #define HAVE_STRINGS_H 1
| #define HAVE_INTTYPES_H 1
| #define HAVE_STDINT_H 1
| #define HAVE_UNISTD_H 1
| #define HAVE_DLFCN_H 1
| #define LT_OBJDIR ".libs/"
| #define HAVE_PTHREAD 1
| #define HAVE_TR1_MEMORY 1
| /* end confdefs.h.  */
| 
| 
| #include <odb/boost/exception.hxx>
| 
| void
| f ()
| {
| }
| 
| const char*
| g ()
| {
|   try
|   {
|     f ();
|   }
|   catch (const odb::boost::exception& e)
|   {
|     return e.what ();
|   }
|   return 0;
| }
| 
| int
| main ()
| {
|   const char* m (g ());
|   return m != 0;
| }
| 
configure:18609: result: no
configure:18638: checking for pkg-config
configure:18656: found /usr/bin/pkg-config
configure:18668: result: /usr/bin/pkg-config
configure:18677: checking for QtCore
configure:18725: g++ -c -g -O2 -D_REENTRANT   conftest.cpp >&5
conftest.cpp:31:57: fatal error: QtCore/qconfig.h: No such file or directory
 #    include <QtCore/qconfig.h> // QT_REDUCE_RELOCATIONS
                                                         ^
compilation terminated.
configure:18725: $? = 1
configure: failed program was:
| /* confdefs.h */
| #define PACKAGE_NAME "odb-examples"
| #define PACKAGE_TARNAME "odb-examples"
| #define PACKAGE_VERSION "2.4.0"
| #define PACKAGE_STRING "odb-examples 2.4.0"
| #define PACKAGE_BUGREPORT "odb-users@codesynthesis.com"
| #define PACKAGE_URL ""
| #define PACKAGE "odb-examples"
| #define VERSION "2.4.0"
| #define STDC_HEADERS 1
| #define HAVE_SYS_TYPES_H 1
| #define HAVE_SYS_STAT_H 1
| #define HAVE_STDLIB_H 1
| #define HAVE_STRING_H 1
| #define HAVE_MEMORY_H 1
| #define HAVE_STRINGS_H 1
| #define HAVE_INTTYPES_H 1
| #define HAVE_STDINT_H 1
| #define HAVE_UNISTD_H 1
| #define HAVE_DLFCN_H 1
| #define LT_OBJDIR ".libs/"
| #define HAVE_PTHREAD 1
| #define HAVE_TR1_MEMORY 1
| /* end confdefs.h.  */
| 
| 
| // See libodb-qt/odb/qt/details/config.hxx for more information on
| // what's going on here.
| //
| #  if defined(__ELF__) && !defined(__PIC__) && !defined(__PIE__)
| #    include <QtCore/qconfig.h> // QT_REDUCE_RELOCATIONS
| #    ifdef QT_REDUCE_RELOCATIONS
| #      define __PIE__
| #    endif
| #  endif
| #include <string>
| #include <QtCore/QString>
| 
| int
| main ()
| {
|   QString qs ("test");
|   std::string ss (qs.toStdString ());
|   return ss.size () != 0;
| }
| 
configure:18818: g++ -c -g -O2 -D_REENTRANT   conftest.cpp >&5
conftest.cpp:31:57: fatal error: QtCore/qconfig.h: No such file or directory
 #    include <QtCore/qconfig.h> // QT_REDUCE_RELOCATIONS
                                                         ^
compilation terminated.
configure:18818: $? = 1
configure: failed program was:
| /* confdefs.h */
| #define PACKAGE_NAME "odb-examples"
| #define PACKAGE_TARNAME "odb-examples"
| #define PACKAGE_VERSION "2.4.0"
| #define PACKAGE_STRING "odb-examples 2.4.0"
| #define PACKAGE_BUGREPORT "odb-users@codesynthesis.com"
| #define PACKAGE_URL ""
| #define PACKAGE "odb-examples"
| #define VERSION "2.4.0"
| #define STDC_HEADERS 1
| #define HAVE_SYS_TYPES_H 1
| #define HAVE_SYS_STAT_H 1
| #define HAVE_STDLIB_H 1
| #define HAVE_STRING_H 1
| #define HAVE_MEMORY_H 1
| #define HAVE_STRINGS_H 1
| #define HAVE_INTTYPES_H 1
| #define HAVE_STDINT_H 1
| #define HAVE_UNISTD_H 1
| #define HAVE_DLFCN_H 1
| #define LT_OBJDIR ".libs/"
| #define HAVE_PTHREAD 1
| #define HAVE_TR1_MEMORY 1
| /* end confdefs.h.  */
| 
| 
| // See libodb-qt/odb/qt/details/config.hxx for more information on
| // what's going on here.
| //
| #  if defined(__ELF__) && !defined(__PIC__) && !defined(__PIE__)
| #    include <QtCore/qconfig.h> // QT_REDUCE_RELOCATIONS
| #    ifdef QT_REDUCE_RELOCATIONS
| #      define __PIE__
| #    endif
| #  endif
| #include <string>
| #include <QtCore/QString>
| 
| int
| main ()
| {
|   QString qs ("test");
|   std::string ss (qs.toStdString ());
|   return ss.size () != 0;
| }
| 
configure:18818: g++ -c -g -O2 -D_REENTRANT   conftest.cpp >&5
conftest.cpp:31:57: fatal error: QtCore/qconfig.h: No such file or directory
 #    include <QtCore/qconfig.h> // QT_REDUCE_RELOCATIONS
                                                         ^
compilation terminated.
configure:18818: $? = 1
configure: failed program was:
| /* confdefs.h */
| #define PACKAGE_NAME "odb-examples"
| #define PACKAGE_TARNAME "odb-examples"
| #define PACKAGE_VERSION "2.4.0"
| #define PACKAGE_STRING "odb-examples 2.4.0"
| #define PACKAGE_BUGREPORT "odb-users@codesynthesis.com"
| #define PACKAGE_URL ""
| #define PACKAGE "odb-examples"
| #define VERSION "2.4.0"
| #define STDC_HEADERS 1
| #define HAVE_SYS_TYPES_H 1
| #define HAVE_SYS_STAT_H 1
| #define HAVE_STDLIB_H 1
| #define HAVE_STRING_H 1
| #define HAVE_MEMORY_H 1
| #define HAVE_STRINGS_H 1
| #define HAVE_INTTYPES_H 1
| #define HAVE_STDINT_H 1
| #define HAVE_UNISTD_H 1
| #define HAVE_DLFCN_H 1
| #define LT_OBJDIR ".libs/"
| #define HAVE_PTHREAD 1
| #define HAVE_TR1_MEMORY 1
| /* end confdefs.h.  */
| 
| 
| // See libodb-qt/odb/qt/details/config.hxx for more information on
| // what's going on here.
| //
| #  if defined(__ELF__) && !defined(__PIC__) && !defined(__PIE__)
| #    include <QtCore/qconfig.h> // QT_REDUCE_RELOCATIONS
| #    ifdef QT_REDUCE_RELOCATIONS
| #      define __PIE__
| #    endif
| #  endif
| #include <string>
| #include <QtCore/QString>
| 
| int
| main ()
| {
|   QString qs ("test");
|   std::string ss (qs.toStdString ());
|   return ss.size () != 0;
| }
| 
configure:18818: g++ -c -g -O2 -D_REENTRANT   conftest.cpp >&5
conftest.cpp:31:57: fatal error: QtCore/qconfig.h: No such file or directory
 #    include <QtCore/qconfig.h> // QT_REDUCE_RELOCATIONS
                                                         ^
compilation terminated.
configure:18818: $? = 1
configure: failed program was:
| /* confdefs.h */
| #define PACKAGE_NAME "odb-examples"
| #define PACKAGE_TARNAME "odb-examples"
| #define PACKAGE_VERSION "2.4.0"
| #define PACKAGE_STRING "odb-examples 2.4.0"
| #define PACKAGE_BUGREPORT "odb-users@codesynthesis.com"
| #define PACKAGE_URL ""
| #define PACKAGE "odb-examples"
| #define VERSION "2.4.0"
| #define STDC_HEADERS 1
| #define HAVE_SYS_TYPES_H 1
| #define HAVE_SYS_STAT_H 1
| #define HAVE_STDLIB_H 1
| #define HAVE_STRING_H 1
| #define HAVE_MEMORY_H 1
| #define HAVE_STRINGS_H 1
| #define HAVE_INTTYPES_H 1
| #define HAVE_STDINT_H 1
| #define HAVE_UNISTD_H 1
| #define HAVE_DLFCN_H 1
| #define LT_OBJDIR ".libs/"
| #define HAVE_PTHREAD 1
| #define HAVE_TR1_MEMORY 1
| /* end confdefs.h.  */
| 
| 
| // See libodb-qt/odb/qt/details/config.hxx for more information on
| // what's going on here.
| //
| #  if defined(__ELF__) && !defined(__PIC__) && !defined(__PIE__)
| #    include <QtCore/qconfig.h> // QT_REDUCE_RELOCATIONS
| #    ifdef QT_REDUCE_RELOCATIONS
| #      define __PIE__
| #    endif
| #  endif
| #include <string>
| #include <QtCore/QString>
| 
| int
| main ()
| {
|   QString qs ("test");
|   std::string ss (qs.toStdString ());
|   return ss.size () != 0;
| }
| 
configure:18818: g++ -c -g -O2 -D_REENTRANT   conftest.cpp >&5
conftest.cpp:31:57: fatal error: QtCore/qconfig.h: No such file or directory
 #    include <QtCore/qconfig.h> // QT_REDUCE_RELOCATIONS
                                                         ^
compilation terminated.
configure:18818: $? = 1
configure: failed program was:
| /* confdefs.h */
| #define PACKAGE_NAME "odb-examples"
| #define PACKAGE_TARNAME "odb-examples"
| #define PACKAGE_VERSION "2.4.0"
| #define PACKAGE_STRING "odb-examples 2.4.0"
| #define PACKAGE_BUGREPORT "odb-users@codesynthesis.com"
| #define PACKAGE_URL ""
| #define PACKAGE "odb-examples"
| #define VERSION "2.4.0"
| #define STDC_HEADERS 1
| #define HAVE_SYS_TYPES_H 1
| #define HAVE_SYS_STAT_H 1
| #define HAVE_STDLIB_H 1
| #define HAVE_STRING_H 1
| #define HAVE_MEMORY_H 1
| #define HAVE_STRINGS_H 1
| #define HAVE_INTTYPES_H 1
| #define HAVE_STDINT_H 1
| #define HAVE_UNISTD_H 1
| #define HAVE_DLFCN_H 1
| #define LT_OBJDIR ".libs/"
| #define HAVE_PTHREAD 1
| #define HAVE_TR1_MEMORY 1
| /* end confdefs.h.  */
| 
| 
| // See libodb-qt/odb/qt/details/config.hxx for more information on
| // what's going on here.
| //
| #  if defined(__ELF__) && !defined(__PIC__) && !defined(__PIE__)
| #    include <QtCore/qconfig.h> // QT_REDUCE_RELOCATIONS
| #    ifdef QT_REDUCE_RELOCATIONS
| #      define __PIE__
| #    endif
| #  endif
| #include <string>
| #include <QtCore/QString>
| 
| int
| main ()
| {
|   QString qs ("test");
|   std::string ss (qs.toStdString ());
|   return ss.size () != 0;
| }
| 
configure:18818: g++ -c -g -O2 -D_REENTRANT   conftest.cpp >&5
conftest.cpp:31:57: fatal error: QtCore/qconfig.h: No such file or directory
 #    include <QtCore/qconfig.h> // QT_REDUCE_RELOCATIONS
                                                         ^
compilation terminated.
configure:18818: $? = 1
configure: failed program was:
| /* confdefs.h */
| #define PACKAGE_NAME "odb-examples"
| #define PACKAGE_TARNAME "odb-examples"
| #define PACKAGE_VERSION "2.4.0"
| #define PACKAGE_STRING "odb-examples 2.4.0"
| #define PACKAGE_BUGREPORT "odb-users@codesynthesis.com"
| #define PACKAGE_URL ""
| #define PACKAGE "odb-examples"
| #define VERSION "2.4.0"
| #define STDC_HEADERS 1
| #define HAVE_SYS_TYPES_H 1
| #define HAVE_SYS_STAT_H 1
| #define HAVE_STDLIB_H 1
| #define HAVE_STRING_H 1
| #define HAVE_MEMORY_H 1
| #define HAVE_STRINGS_H 1
| #define HAVE_INTTYPES_H 1
| #define HAVE_STDINT_H 1
| #define HAVE_UNISTD_H 1
| #define HAVE_DLFCN_H 1
| #define LT_OBJDIR ".libs/"
| #define HAVE_PTHREAD 1
| #define HAVE_TR1_MEMORY 1
| /* end confdefs.h.  */
| 
| 
| // See libodb-qt/odb/qt/details/config.hxx for more information on
| // what's going on here.
| //
| #  if defined(__ELF__) && !defined(__PIC__) && !defined(__PIE__)
| #    include <QtCore/qconfig.h> // QT_REDUCE_RELOCATIONS
| #    ifdef QT_REDUCE_RELOCATIONS
| #      define __PIE__
| #    endif
| #  endif
| #include <string>
| #include <QtCore/QString>
| 
| int
| main ()
| {
|   QString qs ("test");
|   std::string ss (qs.toStdString ());
|   return ss.size () != 0;
| }
| 
configure:18918: g++ -c -g -O2 -D_REENTRANT   conftest.cpp >&5
conftest.cpp:31:57: fatal error: QtCore/qconfig.h: No such file or directory
 #    include <QtCore/qconfig.h> // QT_REDUCE_RELOCATIONS
                                                         ^
compilation terminated.
configure:18918: $? = 1
configure: failed program was:
| /* confdefs.h */
| #define PACKAGE_NAME "odb-examples"
| #define PACKAGE_TARNAME "odb-examples"
| #define PACKAGE_VERSION "2.4.0"
| #define PACKAGE_STRING "odb-examples 2.4.0"
| #define PACKAGE_BUGREPORT "odb-users@codesynthesis.com"
| #define PACKAGE_URL ""
| #define PACKAGE "odb-examples"
| #define VERSION "2.4.0"
| #define STDC_HEADERS 1
| #define HAVE_SYS_TYPES_H 1
| #define HAVE_SYS_STAT_H 1
| #define HAVE_STDLIB_H 1
| #define HAVE_STRING_H 1
| #define HAVE_MEMORY_H 1
| #define HAVE_STRINGS_H 1
| #define HAVE_INTTYPES_H 1
| #define HAVE_STDINT_H 1
| #define HAVE_UNISTD_H 1
| #define HAVE_DLFCN_H 1
| #define LT_OBJDIR ".libs/"
| #define HAVE_PTHREAD 1
| #define HAVE_TR1_MEMORY 1
| /* end confdefs.h.  */
| 
| 
| // See libodb-qt/odb/qt/details/config.hxx for more information on
| // what's going on here.
| //
| #  if defined(__ELF__) && !defined(__PIC__) && !defined(__PIE__)
| #    include <QtCore/qconfig.h> // QT_REDUCE_RELOCATIONS
| #    ifdef QT_REDUCE_RELOCATIONS
| #      define __PIE__
| #    endif
| #  endif
| #include <string>
| #include <QtCore/QString>
| 
| int
| main ()
| {
|   QString qs ("test");
|   std::string ss (qs.toStdString ());
|   return ss.size () != 0;
| }
| 
configure:19086: result: no
configure:19106: checking for libodb-qt
configure:19181: g++ -c -g -O2 -D_REENTRANT   conftest.cpp >&5
conftest.cpp:27:32: fatal error: odb/qt/exception.hxx: No such file or directory
 #include <odb/qt/exception.hxx>
                                ^
compilation terminated.
configure:19181: $? = 1
configure: failed program was:
| /* confdefs.h */
| #define PACKAGE_NAME "odb-examples"
| #define PACKAGE_TARNAME "odb-examples"
| #define PACKAGE_VERSION "2.4.0"
| #define PACKAGE_STRING "odb-examples 2.4.0"
| #define PACKAGE_BUGREPORT "odb-users@codesynthesis.com"
| #define PACKAGE_URL ""
| #define PACKAGE "odb-examples"
| #define VERSION "2.4.0"
| #define STDC_HEADERS 1
| #define HAVE_SYS_TYPES_H 1
| #define HAVE_SYS_STAT_H 1
| #define HAVE_STDLIB_H 1
| #define HAVE_STRING_H 1
| #define HAVE_MEMORY_H 1
| #define HAVE_STRINGS_H 1
| #define HAVE_INTTYPES_H 1
| #define HAVE_STDINT_H 1
| #define HAVE_UNISTD_H 1
| #define HAVE_DLFCN_H 1
| #define LT_OBJDIR ".libs/"
| #define HAVE_PTHREAD 1
| #define HAVE_TR1_MEMORY 1
| /* end confdefs.h.  */
| 
| 
| #include <odb/qt/exception.hxx>
| 
| void
| f ()
| {
| }
| 
| const char*
| g ()
| {
|   try
|   {
|     f ();
|   }
|   catch (const odb::qt::exception& e)
|   {
|     return e.what ();
|   }
|   return 0;
| }
| 
| int
| main ()
| {
|   const char* m (g ());
|   return m != 0;
| }
| 
configure:19239: result: no
configure:19259: checking for database to use
configure:19316: result: mssql
configure:20681: checking for libodb-mssql
configure:20756: g++ -c -g -O2 -D_REENTRANT   conftest.cpp >&5
configure:20756: $? = 0
configure:20763: ./libtool --tag=CXX --mode=link g++ -no-install -g -O2 -D_REENTRANT   -o conftest conftest.o -lodb-mssql -lodb  -lpthread >&5
libtool: link: g++ -g -O2 -D_REENTRANT -o conftest conftest.o  -lodb-mssql -lodb -lpthread
configure:20767: $? = 0
configure:20810: result: yes
configure:20823: checking for mssql client program
configure:20849: result: sqlcmd
configure:20859: checking for mssql database user
configure:20884: result: 'appsupport'
configure:20893: checking for mssql database password
configure:20917: result: 'estee123'
configure:20934: checking for mssql database name
configure:20959: result: 'odb_test'
configure:20968: checking for mssql instance address
configure:20988: result: '191.191.191.151'
configure:20998: checking for mssql native client odbc driver
configure:21021: result: latest
configure:21151: checking that generated files are newer than configure
configure:21157: result: done
configure:21224: creating ./config.status

## ---------------------- ##
## Running config.status. ##
## ---------------------- ##

This file was extended by odb-examples config.status 2.4.0, which was
generated by GNU Autoconf 2.69.  Invocation command line was

  CONFIG_FILES    = 
  CONFIG_HEADERS  = 
  CONFIG_LINKS    = 
  CONFIG_COMMANDS = 
  $ ./config.status 

on sachan

config.status:1268: creating access/Makefile
config.status:1268: creating boost/Makefile
config.status:1268: creating c++11/Makefile
config.status:1268: creating composite/Makefile
config.status:1268: creating container/Makefile
config.status:1268: creating hello/Makefile
config.status:1268: creating inheritance/polymorphism/Makefile
config.status:1268: creating inheritance/reuse/Makefile
config.status:1268: creating inverse/Makefile
config.status:1268: creating Makefile
config.status:1268: creating mapping/Makefile
config.status:1268: creating optimistic/Makefile
config.status:1268: creating pimpl/Makefile
config.status:1268: creating prepared/Makefile
config.status:1268: creating qt/Makefile
config.status:1268: creating query/Makefile
config.status:1268: creating relationship/Makefile
config.status:1268: creating schema/custom/Makefile
config.status:1268: creating schema/embedded/Makefile
config.status:1268: creating section/Makefile
config.status:1268: creating tester
config.status:1268: creating view/Makefile
config.status:1268: creating config.h
config.status:1497: executing depfiles commands
config.status:1497: executing libtool commands
config.status:1497: executing mssql.options commands
config.status:1497: executing tester-mode commands

## ---------------- ##
## Cache variables. ##
## ---------------- ##

ac_cv_build=x86_64-unknown-linux-gnu
ac_cv_c_compiler_gnu=yes
ac_cv_cxx_compiler_gnu=yes
ac_cv_env_CCC_set=
ac_cv_env_CCC_value=
ac_cv_env_CC_set=
ac_cv_env_CC_value=
ac_cv_env_CFLAGS_set=
ac_cv_env_CFLAGS_value=
ac_cv_env_CPPFLAGS_set=
ac_cv_env_CPPFLAGS_value=
ac_cv_env_CPP_set=
ac_cv_env_CPP_value=
ac_cv_env_CXXCPP_set=
ac_cv_env_CXXCPP_value=
ac_cv_env_CXXFLAGS_set=
ac_cv_env_CXXFLAGS_value=
ac_cv_env_CXX_set=
ac_cv_env_CXX_value=
ac_cv_env_LDFLAGS_set=
ac_cv_env_LDFLAGS_value=
ac_cv_env_LIBS_set=
ac_cv_env_LIBS_value=
ac_cv_env_ODBCPPFLAGS_set=
ac_cv_env_ODBCPPFLAGS_value=
ac_cv_env_ODBFLAGS_set=
ac_cv_env_ODBFLAGS_value=
ac_cv_env_ODB_set=
ac_cv_env_ODB_value=
ac_cv_env_build_alias_set=
ac_cv_env_build_alias_value=
ac_cv_env_host_alias_set=
ac_cv_env_host_alias_value=
ac_cv_env_target_alias_set=
ac_cv_env_target_alias_value=
ac_cv_header_dlfcn_h=yes
ac_cv_header_inttypes_h=yes
ac_cv_header_memory_h=yes
ac_cv_header_stdc=yes
ac_cv_header_stdint_h=yes
ac_cv_header_stdlib_h=yes
ac_cv_header_string_h=yes
ac_cv_header_strings_h=yes
ac_cv_header_sys_stat_h=yes
ac_cv_header_sys_types_h=yes
ac_cv_header_unistd_h=yes
ac_cv_host=x86_64-unknown-linux-gnu
ac_cv_objext=o
ac_cv_path_EGREP='/bin/grep -E'
ac_cv_path_FGREP='/bin/grep -F'
ac_cv_path_GREP=/bin/grep
ac_cv_path_SED=/bin/sed
ac_cv_path_install='/usr/bin/install -c'
ac_cv_path_mkdir=/bin/mkdir
ac_cv_path_pkg_config=/usr/bin/pkg-config
ac_cv_prog_AWK=mawk
ac_cv_prog_CPP='gcc -E'
ac_cv_prog_CXXCPP='g++ -E'
ac_cv_prog_ac_ct_AR=ar
ac_cv_prog_ac_ct_CC=gcc
ac_cv_prog_ac_ct_CXX=g++
ac_cv_prog_ac_ct_MANIFEST_TOOL=mt
ac_cv_prog_ac_ct_OBJDUMP=objdump
ac_cv_prog_ac_ct_RANLIB=ranlib
ac_cv_prog_ac_ct_STRIP=strip
ac_cv_prog_cc_c89=
ac_cv_prog_cc_g=yes
ac_cv_prog_cxx_g=yes
ac_cv_prog_make_make_set=yes
am_cv_CC_dependencies_compiler_type=gcc3
am_cv_CXX_dependencies_compiler_type=gcc3
am_cv_ar_interface=ar
am_cv_prog_tar_ustar=gnutar
lt_cv_ar_at_file=@
lt_cv_archive_cmds_need_lc=no
lt_cv_deplibs_check_method=pass_all
lt_cv_file_magic_cmd='$MAGIC_CMD'
lt_cv_file_magic_test_file=
lt_cv_ld_reload_flag=-r
lt_cv_nm_interface='BSD nm'
lt_cv_objdir=.libs
lt_cv_path_LD=/usr/bin/ld
lt_cv_path_LDCXX='/usr/bin/ld -m elf_x86_64'
lt_cv_path_NM='/usr/bin/nm -B'
lt_cv_path_mainfest_tool=no
lt_cv_prog_compiler_c_o=yes
lt_cv_prog_compiler_c_o_CXX=yes
lt_cv_prog_compiler_pic='-fPIC -DPIC'
lt_cv_prog_compiler_pic_CXX='-fPIC -DPIC'
lt_cv_prog_compiler_pic_works=yes
lt_cv_prog_compiler_pic_works_CXX=yes
lt_cv_prog_compiler_rtti_exceptions=no
lt_cv_prog_compiler_static_works=yes
lt_cv_prog_compiler_static_works_CXX=yes
lt_cv_prog_gnu_ld=yes
lt_cv_prog_gnu_ldcxx=yes
lt_cv_sharedlib_from_linklib_cmd='printf %s\n'
lt_cv_shlibpath_overrides_runpath=no
lt_cv_sys_global_symbol_pipe='sed -n -e '\''s/^.*[	 ]\([ABCDGIRSTW][ABCDGIRSTW]*\)[	 ][	 ]*\([_A-Za-z][_A-Za-z0-9]*\)$/\1 \2 \2/p'\'' | sed '\''/ __gnu_lto/d'\'''
lt_cv_sys_global_symbol_to_c_name_address='sed -n -e '\''s/^: \([^ ]*\)[ ]*$/  {\"\1\", (void *) 0},/p'\'' -e '\''s/^[ABCDGIRSTW]* \([^ ]*\) \([^ ]*\)$/  {"\2", (void *) \&\2},/p'\'''
lt_cv_sys_global_symbol_to_c_name_address_lib_prefix='sed -n -e '\''s/^: \([^ ]*\)[ ]*$/  {\"\1\", (void *) 0},/p'\'' -e '\''s/^[ABCDGIRSTW]* \([^ ]*\) \(lib[^ ]*\)$/  {"\2", (void *) \&\2},/p'\'' -e '\''s/^[ABCDGIRSTW]* \([^ ]*\) \([^ ]*\)$/  {"lib\2", (void *) \&\2},/p'\'''
lt_cv_sys_global_symbol_to_cdecl='sed -n -e '\''s/^T .* \(.*\)$/extern int \1();/p'\'' -e '\''s/^[ABCDGIRSTW]* .* \(.*\)$/extern char \1;/p'\'''
lt_cv_sys_max_cmd_len=1572864
lt_cv_to_host_file_cmd=func_convert_file_noop
lt_cv_to_tool_file_cmd=func_convert_file_noop

## ----------------- ##
## Output variables. ##
## ----------------- ##

ACLOCAL='${SHELL} /home/ashish/Downloads/odb-examples-2.4.0/config/missing --run aclocal-1.12'
AMDEPBACKSLASH='\'
AMDEP_FALSE='#'
AMDEP_TRUE=''
AMTAR='$${TAR-tar}'
AR='ar'
AUTOCONF='${SHELL} /home/ashish/Downloads/odb-examples-2.4.0/config/missing --run autoconf'
AUTOHEADER='${SHELL} /home/ashish/Downloads/odb-examples-2.4.0/config/missing --run autoheader'
AUTOMAKE='${SHELL} /home/ashish/Downloads/odb-examples-2.4.0/config/missing --run automake-1.12'
AWK='mawk'
CC='gcc'
CCDEPMODE='depmode=gcc3'
CFLAGS='-g -O2'
CPP='gcc -E'
CPPFLAGS=''
CXX='g++'
CXXCPP='g++ -E'
CXXDEPMODE='depmode=gcc3'
CXXFLAGS='-g -O2 -D_REENTRANT '
CYGPATH_W='echo'
DATABASE_MSSQL_FALSE='#'
DATABASE_MSSQL_TRUE=''
DATABASE_MYSQL_FALSE=''
DATABASE_MYSQL_TRUE='#'
DATABASE_ORACLE_FALSE=''
DATABASE_ORACLE_TRUE='#'
DATABASE_PGSQL_FALSE=''
DATABASE_PGSQL_TRUE='#'
DATABASE_SQLITE_FALSE=''
DATABASE_SQLITE_TRUE='#'
DEFS='-DHAVE_CONFIG_H'
DEPDIR='.deps'
DLLTOOL='false'
DSYMUTIL=''
DUMPBIN=''
ECHO_C=''
ECHO_N='-n'
ECHO_T=''
EGREP='/bin/grep -E'
EXEEXT=''
FGREP='/bin/grep -F'
GREP='/bin/grep'
HAVE_CXX11_FALSE=''
HAVE_CXX11_TRUE='#'
HAVE_TR1_MEMORY_FALSE='#'
HAVE_TR1_MEMORY_TRUE=''
INSTALL_DATA='${INSTALL} -m 644'
INSTALL_PROGRAM='${INSTALL}'
INSTALL_SCRIPT='${INSTALL}'
INSTALL_STRIP_PROGRAM='$(install_sh) -c -s'
LD='/usr/bin/ld -m elf_x86_64'
LDFLAGS=''
LIBOBJS=''
LIBS='-lodb-mssql -lodb  -lpthread'
LIBTOOL='$(SHELL) $(top_builddir)/libtool'
LIPO=''
LN_S='ln -s'
LTLIBOBJS=''
MAKEINFO='${SHELL} /home/ashish/Downloads/odb-examples-2.4.0/config/missing --run makeinfo'
MANIFEST_TOOL=':'
MKDIR_P='/bin/mkdir -p'
NM='/usr/bin/nm -B'
NMEDIT=''
OBJDUMP='objdump'
OBJEXT='o'
ODB='odb'
ODBCPPFLAGS=''
ODBFLAGS=''
ODB_EXAMPLES_BOOST_FALSE=''
ODB_EXAMPLES_BOOST_TRUE='#'
ODB_EXAMPLES_QT_FALSE=''
ODB_EXAMPLES_QT_TRUE='#'
ODB_EXAMPLES_THREADS_FALSE='#'
ODB_EXAMPLES_THREADS_TRUE=''
OTOOL64=''
OTOOL=''
PACKAGE='odb-examples'
PACKAGE_BUGREPORT='odb-users@codesynthesis.com'
PACKAGE_NAME='odb-examples'
PACKAGE_STRING='odb-examples 2.4.0'
PACKAGE_TARNAME='odb-examples'
PACKAGE_URL=''
PACKAGE_VERSION='2.4.0'
PATH_SEPARATOR=':'
PTHREAD_CXX=''
PTHREAD_CXXFLAGS='-D_REENTRANT '
PTHREAD_LIBS='-lpthread'
RANLIB='ranlib'
SED='/bin/sed'
SET_MAKE=''
SHELL='/bin/bash'
STRIP='strip'
VERSION='2.4.0'
ac_ct_AR='ar'
ac_ct_CC='gcc'
ac_ct_CXX='g++'
ac_ct_DUMPBIN=''
acx_pthread_config=''
am__EXEEXT_FALSE=''
am__EXEEXT_TRUE='#'
am__fastdepCC_FALSE='#'
am__fastdepCC_TRUE=''
am__fastdepCXX_FALSE='#'
am__fastdepCXX_TRUE=''
am__include='include'
am__isrc=''
am__leading_dot='.'
am__nodep='_no'
am__quote=''
am__tar='tar --format=ustar -chf - "$$tardir"'
am__untar='tar -xf -'
bindir='${exec_prefix}/bin'
build='x86_64-unknown-linux-gnu'
build_alias=''
build_cpu='x86_64'
build_os='linux-gnu'
build_vendor='unknown'
database='mssql'
datadir='${datarootdir}'
datarootdir='${prefix}/share'
docdir='${datarootdir}/doc/${PACKAGE_TARNAME}'
dvidir='${docdir}'
exec_prefix='${prefix}'
host='x86_64-unknown-linux-gnu'
host_alias=''
host_cpu='x86_64'
host_os='linux-gnu'
host_vendor='unknown'
htmldir='${docdir}'
includedir='${prefix}/include'
infodir='${datarootdir}/info'
install_sh='${SHELL} /home/ashish/Downloads/odb-examples-2.4.0/config/install-sh'
libdir='${exec_prefix}/lib'
libexecdir='${exec_prefix}/libexec'
localedir='${datarootdir}/locale'
localstatedir='${prefix}/var'
mandir='${datarootdir}/man'
mkdir_p='$(MKDIR_P)'
oldincludedir='/usr/include'
pdfdir='${docdir}'
pkg_config='/usr/bin/pkg-config'
prefix='/usr/local'
program_transform_name='s,x,x,'
psdir='${docdir}'
sbindir='${exec_prefix}/sbin'
sharedstatedir='${prefix}/com'
sysconfdir='${prefix}/etc'
target_alias=''

## ----------- ##
## confdefs.h. ##
## ----------- ##

/* confdefs.h */
#define PACKAGE_NAME "odb-examples"
#define PACKAGE_TARNAME "odb-examples"
#define PACKAGE_VERSION "2.4.0"
#define PACKAGE_STRING "odb-examples 2.4.0"
#define PACKAGE_BUGREPORT "odb-users@codesynthesis.com"
#define PACKAGE_URL ""
#define PACKAGE "odb-examples"
#define VERSION "2.4.0"
#define STDC_HEADERS 1
#define HAVE_SYS_TYPES_H 1
#define HAVE_SYS_STAT_H 1
#define HAVE_STDLIB_H 1
#define HAVE_STRING_H 1
#define HAVE_MEMORY_H 1
#define HAVE_STRINGS_H 1
#define HAVE_INTTYPES_H 1
#define HAVE_STDINT_H 1
#define HAVE_UNISTD_H 1
#define HAVE_DLFCN_H 1
#define LT_OBJDIR ".libs/"
#define HAVE_PTHREAD 1
#define HAVE_TR1_MEMORY 1
#define DATABASE_MSSQL 1

configure: exit 0
